[0311/115958.441:ERROR:process_reader_win.cc(182)] ResumeThread: Parâmetro incorreto. (0x57)
[0311/115958.496:ERROR:process_reader_win.cc(151)] SuspendThread: Acesso negado. (0x5)
[0311/115958.497:ERROR:process_reader_win.cc(151)] SuspendThread: Acesso negado. (0x5)
[0311/115958.615:ERROR:process_memory_win.cc(73)] ReadMemory at 0x18683f10000 of 64 bytes failed: Somente uma parte de um pedido ReadProcessMemory ou WriteProcessMemory foi concluída. (0x12B)
[0311/115958.615:WARNING:pe_image_reader.cc(340)] could not read dos header from C:\WINDOWS\System32\sechost.dll
[0311/115958.615:ERROR:process_memory_win.cc(73)] ReadMemory at 0x18683f10000 of 64 bytes failed: Somente uma parte de um pedido ReadProcessMemory ou WriteProcessMemory foi concluída. (0x12B)
[0311/115958.615:WARNING:pe_image_reader.cc(340)] could not read dos header from C:\WINDOWS\System32\sechost.dll
[0311/115958.615:ERROR:process_memory_win.cc(73)] ReadMemory at 0x186840b0000 of 64 bytes failed: Somente uma parte de um pedido ReadProcessMemory ou WriteProcessMemory foi concluída. (0x12B)
[0311/115958.615:WARNING:pe_image_reader.cc(340)] could not read dos header from C:\WINDOWS\System32\RPCRT4.dll
[0311/115958.616:ERROR:process_memory_win.cc(73)] ReadMemory at 0x186840b0000 of 64 bytes failed: Somente uma parte de um pedido ReadProcessMemory ou WriteProcessMemory foi concluída. (0x12B)
[0311/115958.616:WARNING:pe_image_reader.cc(340)] could not read dos header from C:\WINDOWS\System32\RPCRT4.dll
[0311/115958.616:ERROR:process_memory_win.cc(73)] ReadMemory at 0x18684537880 of 72 bytes failed: Somente uma parte de um pedido ReadProcessMemory ou WriteProcessMemory foi concluída. (0x12B)
[0311/115958.616:WARNING:pe_image_annotations_reader.cc(134)] could not read annotations list object in C:\Program Files (x86)\Google\Chrome\Application\74.0.3729.157\chrome_elf.dll
[0311/115958.617:ERROR:process_memory_win.cc(73)] ReadMemory at 0x186843912e0 of 72 bytes failed: Somente uma parte de um pedido ReadProcessMemory ou WriteProcessMemory foi concluída. (0x12B)
[0311/115958.617:WARNING:pe_image_annotations_reader.cc(134)] could not read annotations list object in C:\Program Files (x86)\Google\Chrome\Application\74.0.3729.157\chrome_child.dll
[0311/115958.617:ERROR:process_memory_win.cc(73)] ReadMemory at 0x186841e0000 of 64 bytes failed: Somente uma parte de um pedido ReadProcessMemory ou WriteProcessMemory foi concluída. (0x12B)
[0311/115958.617:WARNING:pe_image_reader.cc(340)] could not read dos header from C:\WINDOWS\System32\COMDLG32.dll
[0311/115958.617:ERROR:process_memory_win.cc(73)] ReadMemory at 0x186841e0000 of 64 bytes failed: Somente uma parte de um pedido ReadProcessMemory ou WriteProcessMemory foi concluída. (0x12B)
[0311/115958.617:WARNING:pe_image_reader.cc(340)] could not read dos header from C:\WINDOWS\System32\COMDLG32.dll
[0311/115958.679:ERROR:process_memory_win.cc(73)] ReadMemory at 0x18683f10000 of 64 bytes failed: Somente uma parte de um pedido ReadProcessMemory ou WriteProcessMemory foi concluída. (0x12B)
[0311/115958.679:WARNING:pe_image_reader.cc(340)] could not read dos header from C:\WINDOWS\System32\sechost.dll
[0311/115958.680:ERROR:process_memory_win.cc(73)] ReadMemory at 0x186840b0000 of 64 bytes failed: Somente uma parte de um pedido ReadProcessMemory ou WriteProcessMemory foi concluída. (0x12B)
[0311/115958.680:WARNING:pe_image_reader.cc(340)] could not read dos header from C:\WINDOWS\System32\RPCRT4.dll
[0311/115958.680:ERROR:process_memory_win.cc(73)] ReadMemory at 0x18684537880 of 72 bytes failed: Somente uma parte de um pedido ReadProcessMemory ou WriteProcessMemory foi concluída. (0x12B)
[0311/115958.680:WARNING:pe_image_annotations_reader.cc(134)] could not read annotations list object in C:\Program Files (x86)\Google\Chrome\Application\74.0.3729.157\chrome_elf.dll
[0311/115958.680:ERROR:process_memory_win.cc(73)] ReadMemory at 0x186843912e0 of 72 bytes failed: Somente uma parte de um pedido ReadProcessMemory ou WriteProcessMemory foi concluída. (0x12B)
[0311/115958.680:WARNING:pe_image_annotations_reader.cc(134)] could not read annotations list object in C:\Program Files (x86)\Google\Chrome\Application\74.0.3729.157\chrome_child.dll
[0311/115958.681:ERROR:process_memory_win.cc(73)] ReadMemory at 0x186841e0000 of 64 bytes failed: Somente uma parte de um pedido ReadProcessMemory ou WriteProcessMemory foi concluída. (0x12B)
[0311/115958.681:WARNING:pe_image_reader.cc(340)] could not read dos header from C:\WINDOWS\System32\COMDLG32.dll
[0311/115958.713:ERROR:process_memory_win.cc(73)] ReadMemory at 0x7fb0fea000 of 90112 bytes failed: Somente uma parte de um pedido ReadProcessMemory ou WriteProcessMemory foi concluída. (0x12B)
[0311/115958.713:ERROR:process_memory_win.cc(73)] ReadMemory at 0x7fb11fd000 of 12288 bytes failed: Somente uma parte de um pedido ReadProcessMemory ou WriteProcessMemory foi concluída. (0x12B)
[0311/115958.714:ERROR:process_memory_win.cc(73)] ReadMemory at 0x7fb13f9000 of 28672 bytes failed: Somente uma parte de um pedido ReadProcessMemory ou WriteProcessMemory foi concluída. (0x12B)
[0311/115958.714:ERROR:process_memory_win.cc(73)] ReadMemory at 0x7fb15fc000 of 16384 bytes failed: Somente uma parte de um pedido ReadProcessMemory ou WriteProcessMemory foi concluída. (0x12B)
[0311/115958.715:ERROR:process_memory_win.cc(73)] ReadMemory at 0x7fb17fc000 of 16384 bytes failed: Somente uma parte de um pedido ReadProcessMemory ou WriteProcessMemory foi concluída. (0x12B)
[0311/115958.715:ERROR:process_memory_win.cc(73)] ReadMemory at 0x7fb19ff000 of 4096 bytes failed: Somente uma parte de um pedido ReadProcessMemory ou WriteProcessMemory foi concluída. (0x12B)
[0311/115958.715:ERROR:process_memory_win.cc(73)] ReadMemory at 0x7fb1bfd000 of 12288 bytes failed: Somente uma parte de um pedido ReadProcessMemory ou WriteProcessMemory foi concluída. (0x12B)
[0311/115958.716:ERROR:process_memory_win.cc(73)] ReadMemory at 0x7fb1dfc000 of 16384 bytes failed: Somente uma parte de um pedido ReadProcessMemory ou WriteProcessMemory foi concluída. (0x12B)
[0311/115958.716:ERROR:process_memory_win.cc(73)] ReadMemory at 0x7fb1ffd000 of 12288 bytes failed: Somente uma parte de um pedido ReadProcessMemory ou WriteProcessMemory foi concluída. (0x12B)
[0311/115958.716:ERROR:process_memory_win.cc(73)] ReadMemory at 0x7fb21fd000 of 12288 bytes failed: Somente uma parte de um pedido ReadProcessMemory ou WriteProcessMemory foi concluída. (0x12B)
[0311/115958.716:ERROR:process_memory_win.cc(73)] ReadMemory at 0x7fb23fd000 of 12288 bytes failed: Somente uma parte de um pedido ReadProcessMemory ou WriteProcessMemory foi concluída. (0x12B)
[0311/115958.717:ERROR:process_memory_win.cc(73)] ReadMemory at 0x7fb0c89000 of 852 bytes failed: Somente uma parte de um pedido ReadProcessMemory ou WriteProcessMemory foi concluída. (0x12B)
[0311/115958.717:ERROR:process_memory_win.cc(73)] ReadMemory at 0x7fb0c8a000 of 6024 bytes failed: Somente uma parte de um pedido ReadProcessMemory ou WriteProcessMemory foi concluída. (0x12B)
[0311/115958.717:ERROR:process_memory_win.cc(73)] ReadMemory at 0x7fb0c8c000 of 6024 bytes failed: Somente uma parte de um pedido ReadProcessMemory ou WriteProcessMemory foi concluída. (0x12B)
[0311/115958.717:ERROR:process_memory_win.cc(73)] ReadMemory at 0x7fb0c8e000 of 6024 bytes failed: Somente uma parte de um pedido ReadProcessMemory ou WriteProcessMemory foi concluída. (0x12B)
[0311/115958.717:ERROR:process_memory_win.cc(73)] ReadMemory at 0x7fb0c90000 of 6024 bytes failed: Somente uma parte de um pedido ReadProcessMemory ou WriteProcessMemory foi concluída. (0x12B)
[0311/115958.717:ERROR:process_memory_win.cc(73)] ReadMemory at 0x7fb0c92000 of 6024 bytes failed: Somente uma parte de um pedido ReadProcessMemory ou WriteProcessMemory foi concluída. (0x12B)
[0311/115958.718:ERROR:process_memory_win.cc(73)] ReadMemory at 0x7fb0c94000 of 6024 bytes failed: Somente uma parte de um pedido ReadProcessMemory ou WriteProcessMemory foi concluída. (0x12B)
[0311/115958.718:ERROR:process_memory_win.cc(73)] ReadMemory at 0x7fb0c96000 of 6024 bytes failed: Somente uma parte de um pedido ReadProcessMemory ou WriteProcessMemory foi concluída. (0x12B)
[0311/115958.718:ERROR:process_memory_win.cc(73)] ReadMemory at 0x7fb0c98000 of 6024 bytes failed: Somente uma parte de um pedido ReadProcessMemory ou WriteProcessMemory foi concluída. (0x12B)
[0311/115958.718:ERROR:process_memory_win.cc(73)] ReadMemory at 0x7fb0c9a000 of 6024 bytes failed: Somente uma parte de um pedido ReadProcessMemory ou WriteProcessMemory foi concluída. (0x12B)
[0311/115958.718:ERROR:process_memory_win.cc(73)] ReadMemory at 0x7fb0c9c000 of 6024 bytes failed: Somente uma parte de um pedido ReadProcessMemory ou WriteProcessMemory foi concluída. (0x12B)
[0311/115958.718:ERROR:process_memory_win.cc(73)] ReadMemory at 0x7fb0c9e000 of 6024 bytes failed: Somente uma parte de um pedido ReadProcessMemory ou WriteProcessMemory foi concluída. (0x12B)
[0311/115958.719:ERROR:process_memory_win.cc(73)] ReadMemory at 0x18683e10fe0 of 6418 bytes failed: Somente uma parte de um pedido ReadProcessMemory ou WriteProcessMemory foi concluída. (0x12B)
[0311/115958.719:ERROR:process_memory_win.cc(73)] ReadMemory at 0x18683e12900 of 1012 bytes failed: Somente uma parte de um pedido ReadProcessMemory ou WriteProcessMemory foi concluída. (0x12B)
[0311/115958.719:ERROR:process_memory_win.cc(73)] ReadMemory at 0x18683e12f48 of 118 bytes failed: Somente uma parte de um pedido ReadProcessMemory ou WriteProcessMemory foi concluída. (0x12B)
[0311/115958.719:ERROR:process_memory_win.cc(73)] ReadMemory at 0x18683e12fc0 of 1104 bytes failed: Somente uma parte de um pedido ReadProcessMemory ou WriteProcessMemory foi concluída. (0x12B)
[0311/115958.719:ERROR:process_memory_win.cc(73)] ReadMemory at 0x18683e13412 of 118 bytes failed: Somente uma parte de um pedido ReadProcessMemory ou WriteProcessMemory foi concluída. (0x12B)
[0311/115958.719:ERROR:process_memory_win.cc(73)] ReadMemory at 0x18683e1348a of 98 bytes failed: Somente uma parte de um pedido ReadProcessMemory ou WriteProcessMemory foi concluída. (0x12B)
[0311/115958.719:ERROR:process_memory_win.cc(73)] ReadMemory at 0x18683e13500 of 58 bytes failed: Somente uma parte de um pedido ReadProcessMemory ou WriteProcessMemory foi concluída. (0x12B)
[0311/115958.720:ERROR:process_memory_win.cc(73)] ReadMemory at 0x18683e13600 of 132 bytes failed: Somente uma parte de um pedido ReadProcessMemory ou WriteProcessMemory foi concluída. (0x12B)
[0311/115958.720:ERROR:process_memory_win.cc(73)] ReadMemory at 0x18683e13790 of 132 bytes failed: Somente uma parte de um pedido ReadProcessMemory ou WriteProcessMemory foi concluída. (0x12B)
[0311/115958.720:ERROR:process_memory_win.cc(73)] ReadMemory at 0x18683e13950 of 126 bytes failed: Somente uma parte de um pedido ReadProcessMemory ou WriteProcessMemory foi concluída. (0x12B)
[0311/115958.720:ERROR:process_memory_win.cc(73)] ReadMemory at 0x18683e13d30 of 132 bytes failed: Somente uma parte de um pedido ReadProcessMemory ou WriteProcessMemory foi concluída. (0x12B)
[0311/115958.720:ERROR:process_memory_win.cc(73)] ReadMemory at 0x18683e13ec0 of 64 bytes failed: Somente uma parte de um pedido ReadProcessMemory ou WriteProcessMemory foi concluída. (0x12B)
[0311/115958.720:ERROR:process_memory_win.cc(73)] ReadMemory at 0x18683e14020 of 132 bytes failed: Somente uma parte de um pedido ReadProcessMemory ou WriteProcessMemory foi concluída. (0x12B)
[0311/115958.720:ERROR:process_memory_win.cc(73)] ReadMemory at 0x18683e141b0 of 62 bytes failed: Somente uma parte de um pedido ReadProcessMemory ou WriteProcessMemory foi concluída. (0x12B)
[0311/115958.720:ERROR:process_memory_win.cc(73)] ReadMemory at 0x18683e14340 of 132 bytes failed: Somente uma parte de um pedido ReadProcessMemory ou WriteProcessMemory foi concluída. (0x12B)
[0311/115958.721:ERROR:process_memory_win.cc(73)] ReadMemory at 0x18683e144d0 of 68 bytes failed: Somente uma parte de um pedido ReadProcessMemory ou WriteProcessMemory foi concluída. (0x12B)
[0311/115958.721:ERROR:process_memory_win.cc(73)] ReadMemory at 0x18683e187b0 of 132 bytes failed: Somente uma parte de um pedido ReadProcessMemory ou WriteProcessMemory foi concluída. (0x12B)
[0311/115958.721:ERROR:process_memory_win.cc(73)] ReadMemory at 0x18683e189c0 of 132 bytes failed: Somente uma parte de um pedido ReadProcessMemory ou WriteProcessMemory foi concluída. (0x12B)
[0311/115958.721:ERROR:process_memory_win.cc(73)] ReadMemory at 0x18683e18b50 of 62 bytes failed: Somente uma parte de um pedido ReadProcessMemory ou WriteProcessMemory foi concluída. (0x12B)
[0311/115958.721:ERROR:process_memory_win.cc(73)] ReadMemory at 0x18683e18e60 of 66 bytes failed: Somente uma parte de um pedido ReadProcessMemory ou WriteProcessMemory foi concluída. (0x12B)
[0311/115958.721:ERROR:process_memory_win.cc(73)] ReadMemory at 0x18683e1a320 of 132 bytes failed: Somente uma parte de um pedido ReadProcessMemory ou WriteProcessMemory foi concluída. (0x12B)
[0311/115958.721:ERROR:process_memory_win.cc(73)] ReadMemory at 0x18683e1a6d0 of 132 bytes failed: Somente uma parte de um pedido ReadProcessMemory ou WriteProcessMemory foi concluída. (0x12B)
[0311/115958.721:ERROR:process_memory_win.cc(73)] ReadMemory at 0x18683e1a860 of 64 bytes failed: Somente uma parte de um pedido ReadProcessMemory ou WriteProcessMemory foi concluída. (0x12B)
[0311/115958.722:ERROR:process_memory_win.cc(73)] ReadMemory at 0x18683e1aac0 of 132 bytes failed: Somente uma parte de um pedido ReadProcessMemory ou WriteProcessMemory foi concluída. (0x12B)
[0311/115958.722:ERROR:process_memory_win.cc(73)] ReadMemory at 0x18683e1ac50 of 60 bytes failed: Somente uma parte de um pedido ReadProcessMemory ou WriteProcessMemory foi concluída. (0x12B)
[0311/115958.722:ERROR:process_memory_win.cc(73)] ReadMemory at 0x18683e1ae30 of 158 bytes failed: Somente uma parte de um pedido ReadProcessMemory ou WriteProcessMemory foi concluída. (0x12B)
[0311/115958.722:ERROR:process_memory_win.cc(73)] ReadMemory at 0x18683e1af10 of 132 bytes failed: Somente uma parte de um pedido ReadProcessMemory ou WriteProcessMemory foi concluída. (0x12B)
[0311/115958.722:ERROR:process_memory_win.cc(73)] ReadMemory at 0x18683e1b0a0 of 60 bytes failed: Somente uma parte de um pedido ReadProcessMemory ou WriteProcessMemory foi concluída. (0x12B)
[0311/115958.722:ERROR:process_memory_win.cc(73)] ReadMemory at 0x18683e1b200 of 132 bytes failed: Somente uma parte de um pedido ReadProcessMemory ou WriteProcessMemory foi concluída. (0x12B)
[0311/115958.722:ERROR:process_memory_win.cc(73)] ReadMemory at 0x18683e1b390 of 58 bytes failed: Somente uma parte de um pedido ReadProcessMemory ou WriteProcessMemory foi concluída. (0x12B)
[0311/115958.722:ERROR:process_memory_win.cc(73)] ReadMemory at 0x18683e1b5e0 of 132 bytes failed: Somente uma parte de um pedido ReadProcessMemory ou WriteProcessMemory foi concluída. (0x12B)
[0311/115958.722:ERROR:process_memory_win.cc(73)] ReadMemory at 0x18683e1b770 of 66 bytes failed: Somente uma parte de um pedido ReadProcessMemory ou WriteProcessMemory foi concluída. (0x12B)
[0311/115958.723:ERROR:process_memory_win.cc(73)] ReadMemory at 0x18683e1e6d0 of 132 bytes failed: Somente uma parte de um pedido ReadProcessMemory ou WriteProcessMemory foi concluída. (0x12B)
[0311/115958.723:ERROR:process_memory_win.cc(73)] ReadMemory at 0x18683e1e860 of 64 bytes failed: Somente uma parte de um pedido ReadProcessMemory ou WriteProcessMemory foi concluída. (0x12B)
[0311/115958.723:ERROR:process_memory_win.cc(73)] ReadMemory at 0x18683e1eab0 of 132 bytes failed: Somente uma parte de um pedido ReadProcessMemory ou WriteProcessMemory foi concluída. (0x12B)
[0311/115958.723:ERROR:process_memory_win.cc(73)] ReadMemory at 0x18683e1f6c0 of 62 bytes failed: Somente uma parte de um pedido ReadProcessMemory ou WriteProcessMemory foi concluída. (0x12B)
[0311/115958.723:ERROR:process_memory_win.cc(73)] ReadMemory at 0x18683e1f710 of 60 bytes failed: Somente uma parte de um pedido ReadProcessMemory ou WriteProcessMemory foi concluída. (0x12B)
[0311/115958.723:ERROR:process_memory_win.cc(73)] ReadMemory at 0x18683e1f760 of 62 bytes failed: Somente uma parte de um pedido ReadProcessMemory ou WriteProcessMemory foi concluída. (0x12B)
[0311/115958.723:ERROR:process_memory_win.cc(73)] ReadMemory at 0x18683e1f7b0 of 62 bytes failed: Somente uma parte de um pedido ReadProcessMemory ou WriteProcessMemory foi concluída. (0x12B)
[0311/115958.723:ERROR:process_memory_win.cc(73)] ReadMemory at 0x18683e1f800 of 66 bytes failed: Somente uma parte de um pedido ReadProcessMemory ou WriteProcessMemory foi concluída. (0x12B)
[0311/115958.724:ERROR:process_memory_win.cc(73)] ReadMemory at 0x18683e1f8a0 of 62 bytes failed: Somente uma parte de um pedido ReadProcessMemory ou WriteProcessMemory foi concluída. (0x12B)
[0311/115958.724:ERROR:process_memory_win.cc(73)] ReadMemory at 0x18683e1fa30 of 58 bytes failed: Somente uma parte de um pedido ReadProcessMemory ou WriteProcessMemory foi concluída. (0x12B)
[0311/115958.724:ERROR:process_memory_win.cc(73)] ReadMemory at 0x18683e1fa80 of 60 bytes failed: Somente uma parte de um pedido ReadProcessMemory ou WriteProcessMemory foi concluída. (0x12B)
[0311/115958.724:ERROR:process_memory_win.cc(73)] ReadMemory at 0x18683e1fad0 of 58 bytes failed: Somente uma parte de um pedido ReadProcessMemory ou WriteProcessMemory foi concluída. (0x12B)
[0311/115958.724:ERROR:process_memory_win.cc(73)] ReadMemory at 0x18683e1fdd0 of 132 bytes failed: Somente uma parte de um pedido ReadProcessMemory ou WriteProcessMemory foi concluída. (0x12B)
[0311/115958.724:ERROR:process_memory_win.cc(73)] ReadMemory at 0x18683e200e0 of 132 bytes failed: Somente uma parte de um pedido ReadProcessMemory ou WriteProcessMemory foi concluída. (0x12B)
[0311/115958.725:ERROR:process_memory_win.cc(73)] ReadMemory at 0x18683e20430 of 132 bytes failed: Somente uma parte de um pedido ReadProcessMemory ou WriteProcessMemory foi concluída. (0x12B)
[0311/115958.725:ERROR:process_memory_win.cc(73)] ReadMemory at 0x18683e20560 of 132 bytes failed: Somente uma parte de um pedido ReadProcessMemory ou WriteProcessMemory foi concluída. (0x12B)
[0311/115958.725:ERROR:process_memory_win.cc(73)] ReadMemory at 0x18683e20690 of 132 bytes failed: Somente uma parte de um pedido ReadProcessMemory ou WriteProcessMemory foi concluída. (0x12B)
[0311/115958.725:ERROR:process_memory_win.cc(73)] ReadMemory at 0x18683e207c0 of 132 bytes failed: Somente uma parte de um pedido ReadProcessMemory ou WriteProcessMemory foi concluída. (0x12B)
[0311/115958.725:ERROR:process_memory_win.cc(73)] ReadMemory at 0x18683e208f0 of 132 bytes failed: Somente uma parte de um pedido ReadProcessMemory ou WriteProcessMemory foi concluída. (0x12B)
[0311/115958.725:ERROR:process_memory_win.cc(73)] ReadMemory at 0x18683e20a20 of 132 bytes failed: Somente uma parte de um pedido ReadProcessMemory ou WriteProcessMemory foi concluída. (0x12B)
[0311/115958.725:ERROR:process_memory_win.cc(73)] ReadMemory at 0x18683e20b50 of 132 bytes failed: Somente uma parte de um pedido ReadProcessMemory ou WriteProcessMemory foi concluída. (0x12B)
[0311/115958.725:ERROR:process_memory_win.cc(73)] ReadMemory at 0x18683e20c80 of 132 bytes failed: Somente uma parte de um pedido ReadProcessMemory ou WriteProcessMemory foi concluída. (0x12B)
[0311/115958.726:ERROR:process_memory_win.cc(73)] ReadMemory at 0x18683e20db0 of 132 bytes failed: Somente uma parte de um pedido ReadProcessMemory ou WriteProcessMemory foi concluída. (0x12B)
[0311/115958.726:ERROR:process_memory_win.cc(73)] ReadMemory at 0x18683e20ee0 of 132 bytes failed: Somente uma parte de um pedido ReadProcessMemory ou WriteProcessMemory foi concluída. (0x12B)
[0311/115958.726:ERROR:process_memory_win.cc(73)] ReadMemory at 0x18683e21010 of 132 bytes failed: Somente uma parte de um pedido ReadProcessMemory ou WriteProcessMemory foi concluída. (0x12B)
[0311/115958.726:ERROR:process_memory_win.cc(73)] ReadMemory at 0x18683e21140 of 132 bytes failed: Somente uma parte de um pedido ReadProcessMemory ou WriteProcessMemory foi concluída. (0x12B)
[0311/115958.726:ERROR:process_memory_win.cc(73)] ReadMemory at 0x18683e21270 of 132 bytes failed: Somente uma parte de um pedido ReadProcessMemory ou WriteProcessMemory foi concluída. (0x12B)
[0311/115958.726:ERROR:process_memory_win.cc(73)] ReadMemory at 0x18683e21800 of 154 bytes failed: Somente uma parte de um pedido ReadProcessMemory ou WriteProcessMemory foi concluída. (0x12B)
[0311/115958.726:ERROR:process_memory_win.cc(73)] ReadMemory at 0x18683e2b890 of 60 bytes failed: Somente uma parte de um pedido ReadProcessMemory ou WriteProcessMemory foi concluída. (0x12B)
[0311/115958.726:ERROR:process_memory_win.cc(73)] ReadMemory at 0x18683e2b8e0 of 62 bytes failed: Somente uma parte de um pedido ReadProcessMemory ou WriteProcessMemory foi concluída. (0x12B)
[0311/115958.727:ERROR:process_memory_win.cc(73)] ReadMemory at 0x18683e2b930 of 60 bytes failed: Somente uma parte de um pedido ReadProcessMemory ou WriteProcessMemory foi concluída. (0x12B)
[0311/115958.727:ERROR:process_memory_win.cc(73)] ReadMemory at 0x18683e2b980 of 62 bytes failed: Somente uma parte de um pedido ReadProcessMemory ou WriteProcessMemory foi concluída. (0x12B)
[0311/115958.727:ERROR:process_memory_win.cc(73)] ReadMemory at 0x18683e2b9d0 of 56 bytes failed: Somente uma parte de um pedido ReadProcessMemory ou WriteProcessMemory foi concluída. (0x12B)
[0311/115958.727:ERROR:process_memory_win.cc(73)] ReadMemory at 0x18683e2ba20 of 58 bytes failed: Somente uma parte de um pedido ReadProcessMemory ou WriteProcessMemory foi concluída. (0x12B)
[0311/115958.727:ERROR:process_memory_win.cc(73)] ReadMemory at 0x18683e2bca0 of 62 bytes failed: Somente uma parte de um pedido ReadProcessMemory ou WriteProcessMemory foi concluída. (0x12B)
[0311/115958.727:ERROR:process_memory_win.cc(73)] ReadMemory at 0x18683e2bcf0 of 64 bytes failed: Somente uma parte de um pedido ReadProcessMemory ou WriteProcessMemory foi concluída. (0x12B)
[0311/115958.727:ERROR:process_memory_win.cc(73)] ReadMemory at 0x18683e2bd90 of 64 bytes failed: Somente uma parte de um pedido ReadProcessMemory ou WriteProcessMemory foi concluída. (0x12B)
[0311/115958.727:ERROR:process_memory_win.cc(73)] ReadMemory at 0x18683e2be80 of 62 bytes failed: Somente uma parte de um pedido ReadProcessMemory ou WriteProcessMemory foi concluída. (0x12B)
[0311/115958.728:ERROR:process_memory_win.cc(73)] ReadMemory at 0x18683e2bf70 of 60 bytes failed: Somente uma parte de um pedido ReadProcessMemory ou WriteProcessMemory foi concluída. (0x12B)
[0311/115958.728:ERROR:process_memory_win.cc(73)] ReadMemory at 0x18683e2bfc0 of 62 bytes failed: Somente uma parte de um pedido ReadProcessMemory ou WriteProcessMemory foi concluída. (0x12B)
[0311/115958.728:ERROR:process_memory_win.cc(73)] ReadMemory at 0x18683e2c010 of 64 bytes failed: Somente uma parte de um pedido ReadProcessMemory ou WriteProcessMemory foi concluída. (0x12B)
[0311/115958.728:ERROR:process_memory_win.cc(73)] ReadMemory at 0x18683e2c060 of 62 bytes failed: Somente uma parte de um pedido ReadProcessMemory ou WriteProcessMemory foi concluída. (0x12B)
[0311/115958.728:ERROR:process_memory_win.cc(73)] ReadMemory at 0x18683e2c1f0 of 64 bytes failed: Somente uma parte de um pedido ReadProcessMemory ou WriteProcessMemory foi concluída. (0x12B)
[0311/115958.728:ERROR:process_memory_win.cc(73)] ReadMemory at 0x18683e2c240 of 64 bytes failed: Somente uma parte de um pedido ReadProcessMemory ou WriteProcessMemory foi concluída. (0x12B)
[0311/115958.728:ERROR:process_memory_win.cc(73)] ReadMemory at 0x18683e2c2e0 of 60 bytes failed: Somente uma parte de um pedido ReadProcessMemory ou WriteProcessMemory foi concluída. (0x12B)
[0311/115958.728:ERROR:process_memory_win.cc(73)] ReadMemory at 0x18683e2c3d0 of 60 bytes failed: Somente uma parte de um pedido ReadProcessMemory ou WriteProcessMemory foi concluída. (0x12B)
[0311/115958.729:ERROR:process_memory_win.cc(73)] ReadMemory at 0x18683e2c4c0 of 58 bytes failed: Somente uma parte de um pedido ReadProcessMemory ou WriteProcessMemory foi concluída. (0x12B)
[0311/115958.729:ERROR:process_memory_win.cc(73)] ReadMemory at 0x18683e2c510 of 64 bytes failed: Somente uma parte de um pedido ReadProcessMemory ou WriteProcessMemory foi concluída. (0x12B)
[0311/115958.729:ERROR:process_memory_win.cc(73)] ReadMemory at 0x18683e2c5b0 of 64 bytes failed: Somente uma parte de um pedido ReadProcessMemory ou WriteProcessMemory foi concluída. (0x12B)
[0311/115958.729:ERROR:process_memory_win.cc(73)] ReadMemory at 0x18683e31460 of 80 bytes failed: Somente uma parte de um pedido ReadProcessMemory ou WriteProcessMemory foi concluída. (0x12B)
[0311/115958.729:ERROR:process_memory_win.cc(73)] ReadMemory at 0x18683e32000 of 80 bytes failed: Somente uma parte de um pedido ReadProcessMemory ou WriteProcessMemory foi concluída. (0x12B)
[0311/115958.729:ERROR:process_memory_win.cc(73)] ReadMemory at 0x18683e32260 of 132 bytes failed: Somente uma parte de um pedido ReadProcessMemory ou WriteProcessMemory foi concluída. (0x12B)
[0311/115958.729:ERROR:process_memory_win.cc(73)] ReadMemory at 0x18683e32390 of 132 bytes failed: Somente uma parte de um pedido ReadProcessMemory ou WriteProcessMemory foi concluída. (0x12B)
[0311/115958.729:ERROR:process_memory_win.cc(73)] ReadMemory at 0x18683e324c0 of 132 bytes failed: Somente uma parte de um pedido ReadProcessMemory ou WriteProcessMemory foi concluída. (0x12B)
[0311/115958.729:ERROR:process_memory_win.cc(73)] ReadMemory at 0x18683e325f0 of 132 bytes failed: Somente uma parte de um pedido ReadProcessMemory ou WriteProcessMemory foi concluída. (0x12B)
[0311/115958.730:ERROR:process_memory_win.cc(73)] ReadMemory at 0x18683e32850 of 132 bytes failed: Somente uma parte de um pedido ReadProcessMemory ou WriteProcessMemory foi concluída. (0x12B)
[0311/115958.730:ERROR:process_memory_win.cc(73)] ReadMemory at 0x18683e32980 of 132 bytes failed: Somente uma parte de um pedido ReadProcessMemory ou WriteProcessMemory foi concluída. (0x12B)
[0311/115958.730:ERROR:process_memory_win.cc(73)] ReadMemory at 0x18683e32ab0 of 132 bytes failed: Somente uma parte de um pedido ReadProcessMemory ou WriteProcessMemory foi concluída. (0x12B)
[0311/115958.730:ERROR:process_memory_win.cc(73)] ReadMemory at 0x18683e32be0 of 132 bytes failed: Somente uma parte de um pedido ReadProcessMemory ou WriteProcessMemory foi concluída. (0x12B)
[0311/115958.730:ERROR:process_memory_win.cc(73)] ReadMemory at 0x18683e32d10 of 132 bytes failed: Somente uma parte de um pedido ReadProcessMemory ou WriteProcessMemory foi concluída. (0x12B)
[0311/115958.730:ERROR:process_memory_win.cc(73)] ReadMemory at 0x18683e32e40 of 132 bytes failed: Somente uma parte de um pedido ReadProcessMemory ou WriteProcessMemory foi concluída. (0x12B)
[0311/115958.730:ERROR:process_memory_win.cc(73)] ReadMemory at 0x18683e32f70 of 132 bytes failed: Somente uma parte de um pedido ReadProcessMemory ou WriteProcessMemory foi concluída. (0x12B)
[0311/115958.730:ERROR:process_memory_win.cc(73)] ReadMemory at 0x18683e330a0 of 132 bytes failed: Somente uma parte de um pedido ReadProcessMemory ou WriteProcessMemory foi concluída. (0x12B)
[0311/115958.731:ERROR:process_memory_win.cc(73)] ReadMemory at 0x18683e331d0 of 132 bytes failed: Somente uma parte de um pedido ReadProcessMemory ou WriteProcessMemory foi concluída. (0x12B)
[0311/115958.731:ERROR:process_memory_win.cc(73)] ReadMemory at 0x18683e33560 of 132 bytes failed: Somente uma parte de um pedido ReadProcessMemory ou WriteProcessMemory foi concluída. (0x12B)
[0311/115958.731:ERROR:process_memory_win.cc(73)] ReadMemory at 0x18683e337c0 of 132 bytes failed: Somente uma parte de um pedido ReadProcessMemory ou WriteProcessMemory foi concluída. (0x12B)
[0311/115958.731:ERROR:process_memory_win.cc(73)] ReadMemory at 0x18683e338f0 of 132 bytes failed: Somente uma parte de um pedido ReadProcessMemory ou WriteProcessMemory foi concluída. (0x12B)
[0311/115958.731:ERROR:process_memory_win.cc(73)] ReadMemory at 0x18683e33a20 of 132 bytes failed: Somente uma parte de um pedido ReadProcessMemory ou WriteProcessMemory foi concluída. (0x12B)
[0311/115958.731:ERROR:process_memory_win.cc(73)] ReadMemory at 0x18683e33b50 of 132 bytes failed: Somente uma parte de um pedido ReadProcessMemory ou WriteProcessMemory foi concluída. (0x12B)
[0311/115958.731:ERROR:process_memory_win.cc(73)] ReadMemory at 0x18683e33c80 of 132 bytes failed: Somente uma parte de um pedido ReadProcessMemory ou WriteProcessMemory foi concluída. (0x12B)
[0311/115958.731:ERROR:process_memory_win.cc(73)] ReadMemory at 0x18683e33ee0 of 132 bytes failed: Somente uma parte de um pedido ReadProcessMemory ou WriteProcessMemory foi concluída. (0x12B)
[0311/115958.732:ERROR:process_memory_win.cc(73)] ReadMemory at 0x18683e34010 of 132 bytes failed: Somente uma parte de um pedido ReadProcessMemory ou WriteProcessMemory foi concluída. (0x12B)
[0311/115958.732:ERROR:process_memory_win.cc(73)] ReadMemory at 0x18683e361f0 of 246 bytes failed: Somente uma parte de um pedido ReadProcessMemory ou WriteProcessMemory foi concluída. (0x12B)
[0311/115958.732:ERROR:process_memory_win.cc(73)] ReadMemory at 0x18683e388c0 of 62 bytes failed: Somente uma parte de um pedido ReadProcessMemory ou WriteProcessMemory foi concluída. (0x12B)
[0311/115958.732:ERROR:process_memory_win.cc(73)] ReadMemory at 0x18683e38960 of 60 bytes failed: Somente uma parte de um pedido ReadProcessMemory ou WriteProcessMemory foi concluída. (0x12B)
[0311/115958.732:ERROR:process_memory_win.cc(73)] ReadMemory at 0x18683e38e10 of 64 bytes failed: Somente uma parte de um pedido ReadProcessMemory ou WriteProcessMemory foi concluída. (0x12B)
[0311/115958.732:ERROR:process_memory_win.cc(73)] ReadMemory at 0x18683e47190 of 512 bytes failed: Somente uma parte de um pedido ReadProcessMemory ou WriteProcessMemory foi concluída. (0x12B)
[0311/115958.732:ERROR:process_memory_win.cc(73)] ReadMemory at 0x18683e480d0 of 512 bytes failed: Somente uma parte de um pedido ReadProcessMemory ou WriteProcessMemory foi concluída. (0x12B)
[0311/115958.733:ERROR:process_memory_win.cc(73)] ReadMemory at 0x18684396960 of 512 bytes failed: Somente uma parte de um pedido ReadProcessMemory ou WriteProcessMemory foi concluída. (0x12B)
[0311/115958.733:ERROR:process_memory_win.cc(73)] ReadMemory at 0x186843c5ef0 of 512 bytes failed: Somente uma parte de um pedido ReadProcessMemory ou WriteProcessMemory foi concluída. (0x12B)
[0311/115958.733:ERROR:process_memory_win.cc(73)] ReadMemory at 0x186843d7eb0 of 672 bytes failed: Somente uma parte de um pedido ReadProcessMemory ou WriteProcessMemory foi concluída. (0x12B)
[0311/115958.733:ERROR:process_memory_win.cc(73)] ReadMemory at 0x186843f34e0 of 512 bytes failed: Somente uma parte de um pedido ReadProcessMemory ou WriteProcessMemory foi concluída. (0x12B)
[0311/115958.733:ERROR:process_memory_win.cc(73)] ReadMemory at 0x1868443a770 of 512 bytes failed: Somente uma parte de um pedido ReadProcessMemory ou WriteProcessMemory foi concluída. (0x12B)
[0311/115958.733:ERROR:process_memory_win.cc(73)] ReadMemory at 0x186848f5981 of 512 bytes failed: Somente uma parte de um pedido ReadProcessMemory ou WriteProcessMemory foi concluída. (0x12B)
[0311/115958.733:ERROR:process_memory_win.cc(73)] ReadMemory at 0x18686510000 of 384 bytes failed: Somente uma parte de um pedido ReadProcessMemory ou WriteProcessMemory foi concluída. (0x12B)
[0311/115958.733:ERROR:process_memory_win.cc(73)] ReadMemory at 0x186866aee10 of 512 bytes failed: Somente uma parte de um pedido ReadProcessMemory ou WriteProcessMemory foi concluída. (0x12B)
[0311/115958.734:ERROR:process_memory_win.cc(73)] ReadMemory at 0x13ed93377f80 of 512 bytes failed: Somente uma parte de um pedido ReadProcessMemory ou WriteProcessMemory foi concluída. (0x12B)
[0311/115958.734:ERROR:process_memory_win.cc(73)] ReadMemory at 0x13ed9357b380 of 512 bytes failed: Somente uma parte de um pedido ReadProcessMemory ou WriteProcessMemory foi concluída. (0x12B)
[0311/115958.736:ERROR:scoped_process_suspend.cc(40)] NtResumeProcess: Tentou-se acessar um processo de saída. (0xc000010a)
